2025-09-05 16:10:28,535 - Starting research: hidementional computing on symbolic vector help neuro-symbolic-ai change better.
2025-09-05 16:10:37,355 - HTTP Request: POST http://127.0.0.1:11434/api/chat "HTTP/1.1 200 OK"
2025-09-05 16:10:42,548 - HTTP Request: POST http://127.0.0.1:11434/api/chat "HTTP/1.1 200 OK"
2025-09-05 16:10:47,310 - Requesting page (first: True, try: 0): https://export.arxiv.org/api/query?search_query=new+type+transformer&id_list=&sortBy=relevance&sortOrder=descending&start=0&max_results=100
2025-09-05 16:10:48,914 - Got first page: 100 of 846896 total results
2025-09-05 16:10:48,916 - Logging configured - Level: INFO, Console: True, File: disabled
2025-09-05 16:10:48,924 - GROBID server http://localhost:8070 is up and running
2025-09-05 16:11:03,055 - Requesting page (first: True, try: 0): https://export.arxiv.org/api/query?search_query=AI+integration+hardware&id_list=&sortBy=relevance&sortOrder=descending&start=0&max_results=100
2025-09-05 16:11:04,567 - Got first page: 100 of 301206 total results
2025-09-05 16:11:04,569 - Logging configured - Level: INFO, Console: True, File: disabled
2025-09-05 16:11:04,575 - GROBID server http://localhost:8070 is up and running
2025-09-05 16:11:21,461 - Requesting page (first: True, try: 0): https://export.arxiv.org/api/query?search_query=embbeding+system&id_list=&sortBy=relevance&sortOrder=descending&start=0&max_results=100
2025-09-05 16:11:23,097 - Got first page: 100 of 716263 total results
2025-09-05 16:11:23,098 - Logging configured - Level: INFO, Console: True, File: disabled
2025-09-05 16:11:23,121 - GROBID server http://localhost:8070 is up and running
2025-09-05 16:12:11,742 - Use pytorch device_name: cpu
2025-09-05 16:12:11,742 - Load pretrained SentenceTransformer: sentence-transformers/all-MiniLM-L6-v2
2025-09-05 16:12:21,763 - No sentence-transformers model found with name sentence-transformers/all-MiniLM-L6-v2. Creating a new one with mean pooling.
2025-09-05 16:12:41,793 - Critical error: Researcher failed: We couldn't connect to 'https://huggingface.co' to load the files, and couldn't find them in the cached files.
Check your internet connection or see how to run the library in offline mode at 'https://huggingface.co/docs/transformers/installation#offline-mode'.
